[debug] [2023-03-27T23:06:40.267Z] ----------------------------------------------------------------------
[debug] [2023-03-27T23:06:40.272Z] Command:       C:\Program Files\nodejs\node.exe C:\Program Files\nodejs\node_modules\firebase-tools\lib\bin\firebase.js init
[debug] [2023-03-27T23:06:40.274Z] CLI Version:   11.25.1
[debug] [2023-03-27T23:06:40.274Z] Platform:      win32
[debug] [2023-03-27T23:06:40.275Z] Node Version:  v16.13.0
[debug] [2023-03-27T23:06:40.285Z] Time:          Mon Mar 27 2023 18:06:40 GMT-0500 (hora estándar de Perú)
[debug] [2023-03-27T23:06:40.286Z] ----------------------------------------------------------------------
[debug] 
[debug] [2023-03-27T23:06:40.316Z] > command requires scopes: ["email","openid","https://www.googleapis.com/auth/cloudplatformprojects.readonly","https://www.googleapis.com/auth/firebase","https://www.googleapis.com/auth/cloud-platform"]
[debug] [2023-03-27T23:06:40.318Z] > authorizing via signed-in user (jusrtin2010@gmail.com)
[info] 
     ######## #### ########  ######## ########     ###     ######  ########
     ##        ##  ##     ## ##       ##     ##  ##   ##  ##       ##
     ######    ##  ########  ######   ########  #########  ######  ######
     ##        ##  ##    ##  ##       ##     ## ##     ##       ## ##
     ##       #### ##     ## ######## ########  ##     ##  ######  ########

You're about to initialize a Firebase project in this directory:

  C:\Users\jarias\Desktop\Proyectos personales\node JS\Fundamentos

[info] 
=== Project Setup
[info] 
[info] First, let's associate this project directory with a Firebase project.
[info] You can create multiple project aliases by running firebase use --add, 
[info] but for now we'll just set up a default project.
[info] 
[debug] [2023-03-27T23:07:10.711Z] >>> [apiv2][query] GET https://firebase.googleapis.com/v1beta1/availableProjects pageSize=100
[debug] [2023-03-27T23:07:12.043Z] <<< [apiv2][status] GET https://firebase.googleapis.com/v1beta1/availableProjects 200
[debug] [2023-03-27T23:07:12.043Z] <<< [apiv2][body] GET https://firebase.googleapis.com/v1beta1/availableProjects [omitted]
[debug] [2023-03-27T23:07:55.444Z] ----------------------------------------------------------------------
[debug] [2023-03-27T23:07:55.452Z] Command:       C:\Program Files\nodejs\node.exe C:\Program Files\nodejs\node_modules\firebase-tools\lib\bin\firebase.js init
[debug] [2023-03-27T23:07:55.454Z] CLI Version:   11.25.1
[debug] [2023-03-27T23:07:55.454Z] Platform:      win32
[debug] [2023-03-27T23:07:55.455Z] Node Version:  v16.13.0
[debug] [2023-03-27T23:07:55.464Z] Time:          Mon Mar 27 2023 18:07:55 GMT-0500 (hora estándar de Perú)
[debug] [2023-03-27T23:07:55.465Z] ----------------------------------------------------------------------
[debug] 
[debug] [2023-03-27T23:07:55.496Z] > command requires scopes: ["email","openid","https://www.googleapis.com/auth/cloudplatformprojects.readonly","https://www.googleapis.com/auth/firebase","https://www.googleapis.com/auth/cloud-platform"]
[debug] [2023-03-27T23:07:55.497Z] > authorizing via signed-in user (jusrtin2010@gmail.com)
[info] 
     ######## #### ########  ######## ########     ###     ######  ########
     ##        ##  ##     ## ##       ##     ##  ##   ##  ##       ##
     ######    ##  ########  ######   ########  #########  ######  ######
     ##        ##  ##    ##  ##       ##     ## ##     ##       ## ##
     ##       #### ##     ## ######## ########  ##     ##  ######  ########

You're about to initialize a Firebase project in this directory:

  C:\Users\jarias\Desktop\Proyectos personales\node JS\Fundamentos

[info] 
=== Project Setup
[info] 
[info] First, let's associate this project directory with a Firebase project.
[info] You can create multiple project aliases by running firebase use --add, 
[info] but for now we'll just set up a default project.
[info] 
[debug] [2023-03-27T23:08:17.399Z] >>> [apiv2][query] GET https://firebase.googleapis.com/v1beta1/availableProjects pageSize=100
[debug] [2023-03-27T23:08:18.987Z] <<< [apiv2][status] GET https://firebase.googleapis.com/v1beta1/availableProjects 200
[debug] [2023-03-27T23:08:18.988Z] <<< [apiv2][body] GET https://firebase.googleapis.com/v1beta1/availableProjects [omitted]
